{"/Users/home/alchemy/career/travel/lib/models/ItineraryItem.js": {"path":"/Users/home/alchemy/career/travel/lib/models/ItineraryItem.js","statementMap":{"0":{"start":{"line":1,"column":17},"end":{"line":1,"column":36}},"1":{"start":{"line":3,"column":15},"end":{"line":18,"column":2}},"2":{"start":{"line":20,"column":0},"end":{"line":20,"column":57}}},"fnMap":{},"branchMap":{},"s":{"0":1,"1":1,"2":1},"f":{},"b":{},"_coverageSchema":"43e27e138ebf9cfc5966b082cf9a028302ed4184","hash":"cff6ff86912156d9f1fe7115f08bf4c183980ac9"}
,"/Users/home/alchemy/career/travel/lib/models/Trip.js": {"path":"/Users/home/alchemy/career/travel/lib/models/Trip.js","statementMap":{"0":{"start":{"line":1,"column":17},"end":{"line":1,"column":36}},"1":{"start":{"line":3,"column":15},"end":{"line":16,"column":2}},"2":{"start":{"line":18,"column":0},"end":{"line":22,"column":3}},"3":{"start":{"line":24,"column":0},"end":{"line":24,"column":48}}},"fnMap":{},"branchMap":{},"s":{"0":2,"1":2,"2":2,"3":2},"f":{},"b":{},"_coverageSchema":"43e27e138ebf9cfc5966b082cf9a028302ed4184","hash":"317c41f86cf9b8e61676660ded9238345a8135b5"}
}
